<?xml version="1.0" encoding="UTF-8"?>
<testng-results ignored="0" total="3" passed="3" failed="0" skipped="0">
  <reporter-output>
  </reporter-output>
  <suite started-at="2022-01-23T00:52:03 EST" name="Default suite" finished-at="2022-01-23T00:52:07 EST" duration-ms="4182">
    <groups>
      <group name="cucumber">
        <method signature="AbstractTestNGCucumberTests.runScenario(io.cucumber.testng.PickleWrapper,io.cucumber.testng.FeatureWrapper)[pri:0, instance:testRunner.TestRunner@54a7079e]" name="runScenario" class="io.cucumber.testng.AbstractTestNGCucumberTests"/>
      </group> <!-- cucumber -->
    </groups>
    <test started-at="2022-01-23T00:52:03 EST" name="Default test" finished-at="2022-01-23T00:52:07 EST" duration-ms="4182">
      <class name="testRunner.TestRunner">
        <test-method is-config="true" signature="setUpClass(org.testng.ITestContext)[pri:0, instance:testRunner.TestRunner@54a7079e]" started-at="2022-01-23T00:52:03 EST" name="setUpClass" finished-at="2022-01-23T00:52:03 EST" duration-ms="555" status="PASS">
          <params>
            <param index="0">
              <value>
                <![CDATA[org.testng.TestRunner@1f44ddab]]>
              </value>
            </param>
          </params>
          <reporter-output>
          </reporter-output>
        </test-method> <!-- setUpClass -->
        <test-method signature="runScenario(io.cucumber.testng.PickleWrapper,io.cucumber.testng.FeatureWrapper)[pri:0, instance:testRunner.TestRunner@54a7079e]" started-at="2022-01-23T00:52:03 EST" name="runScenario" description="Runs Cucumber Scenarios" data-provider="scenarios" finished-at="2022-01-23T00:52:04 EST" duration-ms="1112" status="PASS">
          <params>
            <param index="0">
              <value>
                <![CDATA["Retrieve data from Stored Procedure GetCustomerLevel"]]>
              </value>
            </param>
            <param index="1">
              <value>
                <![CDATA["Optional[Fetching data from Stored procedure]"]]>
              </value>
            </param>
          </params>
          <reporter-output>
          </reporter-output>
        </test-method> <!-- runScenario -->
        <test-method signature="runScenario(io.cucumber.testng.PickleWrapper,io.cucumber.testng.FeatureWrapper)[pri:0, instance:testRunner.TestRunner@54a7079e]" started-at="2022-01-23T00:52:04 EST" name="runScenario" description="Runs Cucumber Scenarios" data-provider="scenarios" finished-at="2022-01-23T00:52:05 EST" duration-ms="678" status="PASS">
          <params>
            <param index="0">
              <value>
                <![CDATA["Retrieve data from Stored Procedure GetOrderCountByStatus"]]>
              </value>
            </param>
            <param index="1">
              <value>
                <![CDATA["Optional[Fetching data from Stored procedure]"]]>
              </value>
            </param>
          </params>
          <reporter-output>
          </reporter-output>
        </test-method> <!-- runScenario -->
        <test-method signature="runScenario(io.cucumber.testng.PickleWrapper,io.cucumber.testng.FeatureWrapper)[pri:0, instance:testRunner.TestRunner@54a7079e]" started-at="2022-01-23T00:52:05 EST" name="runScenario" description="Runs Cucumber Scenarios" data-provider="scenarios" finished-at="2022-01-23T00:52:06 EST" duration-ms="627" status="PASS">
          <params>
            <param index="0">
              <value>
                <![CDATA["Retrieve data from Stored Procedure GetOfficeByCountry"]]>
              </value>
            </param>
            <param index="1">
              <value>
                <![CDATA["Optional[Fetching data from Stored procedure]"]]>
              </value>
            </param>
          </params>
          <reporter-output>
          </reporter-output>
        </test-method> <!-- runScenario -->
        <test-method is-config="true" signature="tearDownClass()[pri:0, instance:testRunner.TestRunner@54a7079e]" started-at="2022-01-23T00:52:06 EST" name="tearDownClass" finished-at="2022-01-23T00:52:07 EST" duration-ms="1176" status="PASS">
          <reporter-output>
          </reporter-output>
        </test-method> <!-- tearDownClass -->
      </class> <!-- testRunner.TestRunner -->
    </test> <!-- Default test -->
  </suite> <!-- Default suite -->
</testng-results>
